2021-12-14 15:16:24,538 DEBUG [main] cache:45 - Couldn't find template in cache for "Extent.ftl"("en_US", UTF-8, parsed); will try to load it.
 2021-12-14 15:16:24,542 DEBUG [main] cache:45 - TemplateLoader.findTemplateSource("Extent_en_US.ftl"): Not found
 2021-12-14 15:16:24,544 DEBUG [main] cache:45 - TemplateLoader.findTemplateSource("Extent_en.ftl"): Not found
 2021-12-14 15:16:24,545 DEBUG [main] cache:45 - TemplateLoader.findTemplateSource("Extent.ftl"): Found
 2021-12-14 15:16:24,545 DEBUG [main] cache:45 - Loading template for "Extent.ftl"("en_US", UTF-8, parsed) from "jar:file:/C:/Users/veena_toughta/.m2/repository/com/relevantcodes/extentreports/2.41.2/extentreports-2.41.2.jar!/com/relevantcodes/extentreports/view/Extent.ftl"
 2021-12-14 15:16:24,743 DEBUG [main] cache:45 - Couldn't find template in cache for "Extent.ftl"("en_US", UTF-8, parsed); will try to load it.
 2021-12-14 15:16:24,744 DEBUG [main] cache:45 - TemplateLoader.findTemplateSource("Extent_en_US.ftl"): Not found
 2021-12-14 15:16:24,744 DEBUG [main] cache:45 - TemplateLoader.findTemplateSource("Extent_en.ftl"): Not found
 2021-12-14 15:16:24,744 DEBUG [main] cache:45 - TemplateLoader.findTemplateSource("Extent.ftl"): Found
 2021-12-14 15:16:24,745 DEBUG [main] cache:45 - Loading template for "Extent.ftl"("en_US", UTF-8, parsed) from "jar:file:/C:/Users/veena_toughta/.m2/repository/com/relevantcodes/extentreports/2.41.2/extentreports-2.41.2.jar!/com/relevantcodes/extentreports/view/Extent.ftl"
 2021-12-14 15:19:58,960 DEBUG [main] cache:45 - Couldn't find template in cache for "Extent.ftl"("en_US", UTF-8, parsed); will try to load it.
 2021-12-14 15:19:58,964 DEBUG [main] cache:45 - TemplateLoader.findTemplateSource("Extent_en_US.ftl"): Not found
 2021-12-14 15:19:58,966 DEBUG [main] cache:45 - TemplateLoader.findTemplateSource("Extent_en.ftl"): Not found
 2021-12-14 15:19:58,968 DEBUG [main] cache:45 - TemplateLoader.findTemplateSource("Extent.ftl"): Found
 2021-12-14 15:19:58,968 DEBUG [main] cache:45 - Loading template for "Extent.ftl"("en_US", UTF-8, parsed) from "jar:file:/C:/Users/veena_toughta/.m2/repository/com/relevantcodes/extentreports/2.41.2/extentreports-2.41.2.jar!/com/relevantcodes/extentreports/view/Extent.ftl"
 2021-12-14 15:19:59,240 DEBUG [main] cache:45 - Couldn't find template in cache for "Extent.ftl"("en_US", UTF-8, parsed); will try to load it.
 2021-12-14 15:19:59,241 DEBUG [main] cache:45 - TemplateLoader.findTemplateSource("Extent_en_US.ftl"): Not found
 2021-12-14 15:19:59,241 DEBUG [main] cache:45 - TemplateLoader.findTemplateSource("Extent_en.ftl"): Not found
 2021-12-14 15:19:59,242 DEBUG [main] cache:45 - TemplateLoader.findTemplateSource("Extent.ftl"): Found
 2021-12-14 15:19:59,242 DEBUG [main] cache:45 - Loading template for "Extent.ftl"("en_US", UTF-8, parsed) from "jar:file:/C:/Users/veena_toughta/.m2/repository/com/relevantcodes/extentreports/2.41.2/extentreports-2.41.2.jar!/com/relevantcodes/extentreports/view/Extent.ftl"
 2021-12-14 15:24:09,730 DEBUG [main] cache:45 - Couldn't find template in cache for "Extent.ftl"("en_US", UTF-8, parsed); will try to load it.
 2021-12-14 15:24:09,734 DEBUG [main] cache:45 - TemplateLoader.findTemplateSource("Extent_en_US.ftl"): Not found
 2021-12-14 15:24:09,736 DEBUG [main] cache:45 - TemplateLoader.findTemplateSource("Extent_en.ftl"): Not found
 2021-12-14 15:24:09,738 DEBUG [main] cache:45 - TemplateLoader.findTemplateSource("Extent.ftl"): Found
 2021-12-14 15:24:09,738 DEBUG [main] cache:45 - Loading template for "Extent.ftl"("en_US", UTF-8, parsed) from "jar:file:/C:/Users/veena_toughta/.m2/repository/com/relevantcodes/extentreports/2.41.2/extentreports-2.41.2.jar!/com/relevantcodes/extentreports/view/Extent.ftl"
 2021-12-20 17:51:47,976 DEBUG [main] cache:45 - Couldn't find template in cache for "Extent.ftl"("en_US", UTF-8, parsed); will try to load it.
 2021-12-20 17:51:47,978 DEBUG [main] cache:45 - TemplateLoader.findTemplateSource("Extent_en_US.ftl"): Not found
 2021-12-20 17:51:47,980 DEBUG [main] cache:45 - TemplateLoader.findTemplateSource("Extent_en.ftl"): Not found
 2021-12-20 17:51:47,981 DEBUG [main] cache:45 - TemplateLoader.findTemplateSource("Extent.ftl"): Found
 2021-12-20 17:51:47,981 DEBUG [main] cache:45 - Loading template for "Extent.ftl"("en_US", UTF-8, parsed) from "jar:file:/C:/Users/veena_toughta/.m2/repository/com/relevantcodes/extentreports/2.41.2/extentreports-2.41.2.jar!/com/relevantcodes/extentreports/view/Extent.ftl"
 2021-12-20 17:51:48,129 DEBUG [main] cache:45 - Couldn't find template in cache for "Extent.ftl"("en_US", UTF-8, parsed); will try to load it.
 2021-12-20 17:51:48,130 DEBUG [main] cache:45 - TemplateLoader.findTemplateSource("Extent_en_US.ftl"): Not found
 2021-12-20 17:51:48,130 DEBUG [main] cache:45 - TemplateLoader.findTemplateSource("Extent_en.ftl"): Not found
 2021-12-20 17:51:48,130 DEBUG [main] cache:45 - TemplateLoader.findTemplateSource("Extent.ftl"): Found
 2021-12-20 17:51:48,130 DEBUG [main] cache:45 - Loading template for "Extent.ftl"("en_US", UTF-8, parsed) from "jar:file:/C:/Users/veena_toughta/.m2/repository/com/relevantcodes/extentreports/2.41.2/extentreports-2.41.2.jar!/com/relevantcodes/extentreports/view/Extent.ftl"
 